d:\dateisystem\games n programs\workspace visual studio\roguelike\roguelike\debug\roguelike.pch
d:\dateisystem\games n programs\workspace visual studio\roguelike\roguelike\debug\vc141.pdb
d:\dateisystem\games n programs\workspace visual studio\roguelike\roguelike\debug\vc141.idb
d:\dateisystem\games n programs\workspace visual studio\roguelike\roguelike\debug\worldgenerator.obj
d:\dateisystem\games n programs\workspace visual studio\roguelike\roguelike\debug\utility.obj
d:\dateisystem\games n programs\workspace visual studio\roguelike\roguelike\debug\updatecomponent.obj
d:\dateisystem\games n programs\workspace visual studio\roguelike\roguelike\debug\transform.obj
d:\dateisystem\games n programs\workspace visual studio\roguelike\roguelike\debug\texturemanager.obj
d:\dateisystem\games n programs\workspace visual studio\roguelike\roguelike\debug\scene.obj
d:\dateisystem\games n programs\workspace visual studio\roguelike\roguelike\debug\roomblueprint.obj
d:\dateisystem\games n programs\workspace visual studio\roguelike\roguelike\debug\renderengine.obj
d:\dateisystem\games n programs\workspace visual studio\roguelike\roguelike\debug\rendercomponent.obj
d:\dateisystem\games n programs\workspace visual studio\roguelike\roguelike\debug\renderbatchcomponent.obj
d:\dateisystem\games n programs\workspace visual studio\roguelike\roguelike\debug\renderbatch.obj
d:\dateisystem\games n programs\workspace visual studio\roguelike\roguelike\debug\projectilecomponent.obj
d:\dateisystem\games n programs\workspace visual studio\roguelike\roguelike\debug\playercomponent.obj
d:\dateisystem\games n programs\workspace visual studio\roguelike\roguelike\debug\physicsengine.obj
d:\dateisystem\games n programs\workspace visual studio\roguelike\roguelike\debug\modelmanager.obj
d:\dateisystem\games n programs\workspace visual studio\roguelike\roguelike\debug\modeldata.obj
d:\dateisystem\games n programs\workspace visual studio\roguelike\roguelike\debug\materialmanager.obj
d:\dateisystem\games n programs\workspace visual studio\roguelike\roguelike\debug\material.obj
d:\dateisystem\games n programs\workspace visual studio\roguelike\roguelike\debug\main.obj
d:\dateisystem\games n programs\workspace visual studio\roguelike\roguelike\debug\lodepng.obj
d:\dateisystem\games n programs\workspace visual studio\roguelike\roguelike\debug\lightcomponent.obj
d:\dateisystem\games n programs\workspace visual studio\roguelike\roguelike\debug\hudrendercomponent.obj
d:\dateisystem\games n programs\workspace visual studio\roguelike\roguelike\debug\hudplayerhealthdisplaycomponent.obj
d:\dateisystem\games n programs\workspace visual studio\roguelike\roguelike\debug\healthcomponent.obj
d:\dateisystem\games n programs\workspace visual studio\roguelike\roguelike\debug\gameobjectpool.obj
d:\dateisystem\games n programs\workspace visual studio\roguelike\roguelike\debug\gameobject.obj
d:\dateisystem\games n programs\workspace visual studio\roguelike\roguelike\debug\game.obj
d:\dateisystem\games n programs\workspace visual studio\roguelike\roguelike\debug\fieldtype.obj
d:\dateisystem\games n programs\workspace visual studio\roguelike\roguelike\debug\fieldcomponent.obj
d:\dateisystem\games n programs\workspace visual studio\roguelike\roguelike\debug\enemycomponent.obj
d:\dateisystem\games n programs\workspace visual studio\roguelike\roguelike\debug\component.obj
d:\dateisystem\games n programs\workspace visual studio\roguelike\roguelike\debug\collidercomponent.obj
d:\dateisystem\games n programs\workspace visual studio\roguelike\roguelike\debug\collider.obj
d:\dateisystem\games n programs\workspace visual studio\roguelike\roguelike\debug\circlecollidercomponent.obj
d:\dateisystem\games n programs\workspace visual studio\roguelike\roguelike\debug\circlecollider.obj
d:\dateisystem\games n programs\workspace visual studio\roguelike\roguelike\debug\cameracomponent.obj
d:\dateisystem\games n programs\workspace visual studio\roguelike\roguelike\debug\boxcollidercomponent.obj
d:\dateisystem\games n programs\workspace visual studio\roguelike\roguelike\debug\boxcollider.obj
d:\dateisystem\games n programs\workspace visual studio\roguelike\debug\roguelike.exe
d:\dateisystem\games n programs\workspace visual studio\roguelike\debug\roguelike.ilk
d:\dateisystem\games n programs\workspace visual studio\roguelike\debug\roguelike.pdb
d:\dateisystem\games n programs\workspace visual studio\roguelike\roguelike\debug\roguelike.tlog\cl.command.1.tlog
d:\dateisystem\games n programs\workspace visual studio\roguelike\roguelike\debug\roguelike.tlog\cl.read.1.tlog
d:\dateisystem\games n programs\workspace visual studio\roguelike\roguelike\debug\roguelike.tlog\cl.write.1.tlog
d:\dateisystem\games n programs\workspace visual studio\roguelike\roguelike\debug\roguelike.tlog\link.command.1.tlog
d:\dateisystem\games n programs\workspace visual studio\roguelike\roguelike\debug\roguelike.tlog\link.read.1.tlog
d:\dateisystem\games n programs\workspace visual studio\roguelike\roguelike\debug\roguelike.tlog\link.write.1.tlog
