LINK : warning LNK4075: /INCREMENTAL wird aufgrund der Angabe von /LTCG ignoriert.
LINK : warning C4727: Ein vorkompilierter Header mit dem Namen "d:\dateisystem\games n programs\workspace visual studio\roguelike\roguelike\release\roguelike.pch" und dem gleichen Timestamp wurde in "d:\dateisystem\games n programs\workspace visual studio\roguelike\roguelike\release\hudplayerhealthdisplaycomponent.obj" und in "d:\dateisystem\games n programs\workspace visual studio\roguelike\roguelike\release\healthcomponent.obj" gefunden. Der zuerst gefundene wird verwendet.
  
  Bibliotheken werden durchsucht.
      Durchsuchen von C:\Program Files (x86)\Windows Kits\10\lib\10.0.15063.0\um\x86\kernel32.lib:
      Durchsuchen von C:\Program Files (x86)\Windows Kits\10\lib\10.0.15063.0\um\x86\user32.lib:
      Durchsuchen von C:\Program Files (x86)\Windows Kits\10\lib\10.0.15063.0\um\x86\gdi32.lib:
      Durchsuchen von C:\Program Files (x86)\Windows Kits\10\lib\10.0.15063.0\um\x86\winspool.lib:
      Durchsuchen von C:\Program Files (x86)\Windows Kits\10\lib\10.0.15063.0\um\x86\comdlg32.lib:
      Durchsuchen von C:\Program Files (x86)\Windows Kits\10\lib\10.0.15063.0\um\x86\advapi32.lib:
      Durchsuchen von C:\Program Files (x86)\Windows Kits\10\lib\10.0.15063.0\um\x86\shell32.lib:
      Durchsuchen von C:\Program Files (x86)\Windows Kits\10\lib\10.0.15063.0\um\x86\ole32.lib:
      Durchsuchen von C:\Program Files (x86)\Windows Kits\10\lib\10.0.15063.0\um\x86\oleaut32.lib:
      Durchsuchen von C:\Program Files (x86)\Windows Kits\10\lib\10.0.15063.0\um\x86\uuid.lib:
      Durchsuchen von C:\Program Files (x86)\Windows Kits\10\lib\10.0.15063.0\um\x86\odbc32.lib:
      Durchsuchen von C:\Program Files (x86)\Windows Kits\10\lib\10.0.15063.0\um\x86\odbccp32.lib:
      Durchsuchen von C:\Program Files (x86)\Windows Kits\10\lib\10.0.15063.0\um\x86\opengl32.lib:
      Durchsuchen von ExternalLibraries\glew-2.1.0\lib\Release\Win32\glew32.lib:
      Durchsuchen von ExternalLibraries\glfw-3.2.1.bin.WIN32\lib-vc2015\glfw3.lib:
      Durchsuchen von C:\Program Files (x86)\Microsoft Visual Studio\2017\Community\VC\Tools\MSVC\14.11.25503\lib\x86\libcpmt.lib:
      Durchsuchen von C:\Program Files (x86)\Microsoft Visual Studio\2017\Community\VC\Tools\MSVC\14.11.25503\lib\x86\LIBCMT.lib:
      Durchsuchen von C:\Program Files (x86)\Microsoft Visual Studio\2017\Community\VC\Tools\MSVC\14.11.25503\lib\x86\OLDNAMES.lib:
      Durchsuchen von C:\Program Files (x86)\Microsoft Visual Studio\2017\Community\VC\Tools\MSVC\14.11.25503\lib\x86\MSVCRT.lib:
      Durchsuchen von C:\Program Files (x86)\Microsoft Visual Studio\2017\Community\VC\Tools\MSVC\14.11.25503\lib\x86\libvcruntime.lib:
      Durchsuchen von C:\Program Files (x86)\Windows Kits\10\lib\10.0.15063.0\ucrt\x86\libucrt.lib:
      Durchsuchen von C:\Program Files (x86)\Windows Kits\10\lib\10.0.15063.0\um\x86\kernel32.lib:
      Durchsuchen von C:\Program Files (x86)\Windows Kits\10\lib\10.0.15063.0\um\x86\user32.lib:
      Durchsuchen von C:\Program Files (x86)\Windows Kits\10\lib\10.0.15063.0\um\x86\gdi32.lib:
      Durchsuchen von C:\Program Files (x86)\Windows Kits\10\lib\10.0.15063.0\um\x86\winspool.lib:
      Durchsuchen von C:\Program Files (x86)\Windows Kits\10\lib\10.0.15063.0\um\x86\comdlg32.lib:
      Durchsuchen von C:\Program Files (x86)\Windows Kits\10\lib\10.0.15063.0\um\x86\advapi32.lib:
      Durchsuchen von C:\Program Files (x86)\Windows Kits\10\lib\10.0.15063.0\um\x86\shell32.lib:
      Durchsuchen von C:\Program Files (x86)\Windows Kits\10\lib\10.0.15063.0\um\x86\ole32.lib:
      Durchsuchen von C:\Program Files (x86)\Windows Kits\10\lib\10.0.15063.0\um\x86\oleaut32.lib:
      Durchsuchen von C:\Program Files (x86)\Windows Kits\10\lib\10.0.15063.0\um\x86\uuid.lib:
      Durchsuchen von C:\Program Files (x86)\Windows Kits\10\lib\10.0.15063.0\um\x86\odbc32.lib:
      Durchsuchen von C:\Program Files (x86)\Windows Kits\10\lib\10.0.15063.0\um\x86\odbccp32.lib:
      Durchsuchen von C:\Program Files (x86)\Windows Kits\10\lib\10.0.15063.0\um\x86\opengl32.lib:
      Durchsuchen von ExternalLibraries\glew-2.1.0\lib\Release\Win32\glew32.lib:
      Durchsuchen von ExternalLibraries\glfw-3.2.1.bin.WIN32\lib-vc2015\glfw3.lib:
      Durchsuchen von C:\Program Files (x86)\Microsoft Visual Studio\2017\Community\VC\Tools\MSVC\14.11.25503\lib\x86\libcpmt.lib:
      Durchsuchen von C:\Program Files (x86)\Microsoft Visual Studio\2017\Community\VC\Tools\MSVC\14.11.25503\lib\x86\LIBCMT.lib:
      Durchsuchen von C:\Program Files (x86)\Microsoft Visual Studio\2017\Community\VC\Tools\MSVC\14.11.25503\lib\x86\OLDNAMES.lib:
      Durchsuchen von C:\Program Files (x86)\Microsoft Visual Studio\2017\Community\VC\Tools\MSVC\14.11.25503\lib\x86\MSVCRT.lib:
      Durchsuchen von C:\Program Files (x86)\Microsoft Visual Studio\2017\Community\VC\Tools\MSVC\14.11.25503\lib\x86\libvcruntime.lib:
      Durchsuchen von C:\Program Files (x86)\Windows Kits\10\lib\10.0.15063.0\ucrt\x86\libucrt.lib:
      Durchsuchen von C:\Program Files (x86)\Windows Kits\10\lib\10.0.15063.0\um\x86\kernel32.lib:
      Durchsuchen von C:\Program Files (x86)\Windows Kits\10\lib\10.0.15063.0\um\x86\user32.lib:
      Durchsuchen von C:\Program Files (x86)\Windows Kits\10\lib\10.0.15063.0\um\x86\gdi32.lib:
      Durchsuchen von C:\Program Files (x86)\Windows Kits\10\lib\10.0.15063.0\um\x86\winspool.lib:
      Durchsuchen von C:\Program Files (x86)\Windows Kits\10\lib\10.0.15063.0\um\x86\comdlg32.lib:
      Durchsuchen von C:\Program Files (x86)\Windows Kits\10\lib\10.0.15063.0\um\x86\advapi32.lib:
      Durchsuchen von C:\Program Files (x86)\Windows Kits\10\lib\10.0.15063.0\um\x86\shell32.lib:
      Durchsuchen von C:\Program Files (x86)\Windows Kits\10\lib\10.0.15063.0\um\x86\ole32.lib:
      Durchsuchen von C:\Program Files (x86)\Windows Kits\10\lib\10.0.15063.0\um\x86\oleaut32.lib:
      Durchsuchen von C:\Program Files (x86)\Windows Kits\10\lib\10.0.15063.0\um\x86\uuid.lib:
      Durchsuchen von C:\Program Files (x86)\Windows Kits\10\lib\10.0.15063.0\um\x86\odbc32.lib:
      Durchsuchen von C:\Program Files (x86)\Windows Kits\10\lib\10.0.15063.0\um\x86\odbccp32.lib:
      Durchsuchen von C:\Program Files (x86)\Windows Kits\10\lib\10.0.15063.0\um\x86\opengl32.lib:
      Durchsuchen von ExternalLibraries\glew-2.1.0\lib\Release\Win32\glew32.lib:
      Durchsuchen von ExternalLibraries\glfw-3.2.1.bin.WIN32\lib-vc2015\glfw3.lib:
      Durchsuchen von C:\Program Files (x86)\Microsoft Visual Studio\2017\Community\VC\Tools\MSVC\14.11.25503\lib\x86\libcpmt.lib:
      Durchsuchen von C:\Program Files (x86)\Microsoft Visual Studio\2017\Community\VC\Tools\MSVC\14.11.25503\lib\x86\LIBCMT.lib:
      Durchsuchen von C:\Program Files (x86)\Microsoft Visual Studio\2017\Community\VC\Tools\MSVC\14.11.25503\lib\x86\OLDNAMES.lib:
      Durchsuchen von C:\Program Files (x86)\Microsoft Visual Studio\2017\Community\VC\Tools\MSVC\14.11.25503\lib\x86\MSVCRT.lib:
  
  Durchsuchen der Bibliotheken abgeschlossen.
LINK : warning LNK4098: Standardbibliothek "MSVCRT" steht in Konflikt mit anderen Bibliotheken; /NODEFAULTLIB:Bibliothek verwenden.
glfw3.lib(context.c.obj) : error LNK2001: Nicht aufgelöstes externes Symbol "__imp__strstr".
glfw3.lib(win32_joystick.c.obj) : error LNK2001: Nicht aufgelöstes externes Symbol "__imp__strstr".
glfw3.lib(win32_window.c.obj) : error LNK2001: Nicht aufgelöstes externes Symbol "__imp___strdup".
glfw3.lib(win32_joystick.c.obj) : error LNK2001: Nicht aufgelöstes externes Symbol "__imp___strdup".
glfw3.lib(monitor.c.obj) : error LNK2001: Nicht aufgelöstes externes Symbol "__imp___strdup".
MSVCRT.lib(_chandler4gs_.obj) : error LNK2001: Nicht aufgelöstes externes Symbol "__except_handler4_common".
D:\Dateisystem\Games n Programs\Workspace Visual Studio\RogueLike\Release\RogueLike.exe : fatal error LNK1120: 3 nicht aufgelöste Externe
